{"/Users/ezransmac/Desktop/kodluyoruzAwesome/src/components/Button/Button.style.ts": {"path":"/Users/ezransmac/Desktop/kodluyoruzAwesome/src/components/Button/Button.style.ts","statementMap":{},"fnMap":{},"branchMap":{},"s":{},"f":{},"b":{},"_coverageSchema":"1a1c01bbd47fc00a2c39e90264f33305004495a9","hash":"c91bd485f5a6513cfeac6a795c5f6982a83b6a93"}
,"/Users/ezransmac/Desktop/kodluyoruzAwesome/src/components/Button/Button.tsx": {"path":"/Users/ezransmac/Desktop/kodluyoruzAwesome/src/components/Button/Button.tsx","statementMap":{"0":{"start":{"line":17,"column":32},"end":{"line":38,"column":1}},"1":{"start":{"line":23,"column":2},"end":{"line":37,"column":4}}},"fnMap":{"0":{"name":"(anonymous_0)","decl":{"start":{"line":17,"column":32},"end":{"line":17,"column":33}},"loc":{"start":{"line":22,"column":6},"end":{"line":38,"column":1}},"line":22}},"branchMap":{"0":{"loc":{"start":{"line":20,"column":2},"end":{"line":20,"column":18}},"type":"default-arg","locations":[{"start":{"line":20,"column":9},"end":{"line":20,"column":18}}],"line":20},"1":{"loc":{"start":{"line":29,"column":7},"end":{"line":35,"column":7}},"type":"cond-expr","locations":[{"start":{"line":30,"column":8},"end":{"line":30,"column":68}},{"start":{"line":32,"column":8},"end":{"line":34,"column":15}}],"line":29}},"s":{"0":1,"1":6},"f":{"0":6},"b":{"0":[5],"1":[2,4]},"_coverageSchema":"1a1c01bbd47fc00a2c39e90264f33305004495a9","hash":"00da4360e495f91f22363f1f91cfb75370059597"}
,"/Users/ezransmac/Desktop/kodluyoruzAwesome/src/components/Button/index.ts": {"path":"/Users/ezransmac/Desktop/kodluyoruzAwesome/src/components/Button/index.ts","statementMap":{},"fnMap":{},"branchMap":{},"s":{},"f":{},"b":{},"_coverageSchema":"1a1c01bbd47fc00a2c39e90264f33305004495a9","hash":"ea9df23fed4e78edbe36f499c25d1549913b7e39"}
,"/Users/ezransmac/Desktop/kodluyoruzAwesome/src/hooks/useFetch/index.ts": {"path":"/Users/ezransmac/Desktop/kodluyoruzAwesome/src/hooks/useFetch/index.ts","statementMap":{},"fnMap":{},"branchMap":{},"s":{},"f":{},"b":{},"_coverageSchema":"1a1c01bbd47fc00a2c39e90264f33305004495a9","hash":"55044388758cb6bba5f63a2b94d4130e98f8bbc0"}
,"/Users/ezransmac/Desktop/kodluyoruzAwesome/src/hooks/useFetch/useFetch.ts": {"path":"/Users/ezransmac/Desktop/kodluyoruzAwesome/src/hooks/useFetch/useFetch.ts","statementMap":{"0":{"start":{"line":9,"column":34},"end":{"line":9,"column":46}},"1":{"start":{"line":10,"column":32},"end":{"line":10,"column":47}},"2":{"start":{"line":12,"column":16},"end":{"line":12,"column":37}},"3":{"start":{"line":12,"column":22},"end":{"line":12,"column":37}},"4":{"start":{"line":14,"column":16},"end":{"line":19,"column":11}},"5":{"start":{"line":15,"column":4},"end":{"line":15,"column":21}},"6":{"start":{"line":16,"column":19},"end":{"line":16,"column":39}},"7":{"start":{"line":17,"column":4},"end":{"line":17,"column":22}},"8":{"start":{"line":18,"column":4},"end":{"line":18,"column":22}},"9":{"start":{"line":21,"column":2},"end":{"line":23,"column":14}},"10":{"start":{"line":22,"column":4},"end":{"line":22,"column":12}},"11":{"start":{"line":25,"column":2},"end":{"line":25,"column":52}}},"fnMap":{"0":{"name":"useFetch","decl":{"start":{"line":8,"column":24},"end":{"line":8,"column":32}},"loc":{"start":{"line":8,"column":55},"end":{"line":26,"column":1}},"line":8},"1":{"name":"(anonymous_1)","decl":{"start":{"line":12,"column":16},"end":{"line":12,"column":17}},"loc":{"start":{"line":12,"column":22},"end":{"line":12,"column":37}},"line":12},"2":{"name":"(anonymous_2)","decl":{"start":{"line":14,"column":28},"end":{"line":14,"column":29}},"loc":{"start":{"line":14,"column":40},"end":{"line":19,"column":3}},"line":14},"3":{"name":"(anonymous_3)","decl":{"start":{"line":21,"column":12},"end":{"line":21,"column":13}},"loc":{"start":{"line":21,"column":18},"end":{"line":23,"column":3}},"line":21}},"branchMap":{},"s":{"0":8,"1":8,"2":8,"3":0,"4":8,"5":2,"6":2,"7":2,"8":2,"9":8,"10":2,"11":8},"f":{"0":8,"1":0,"2":2,"3":2},"b":{},"_coverageSchema":"1a1c01bbd47fc00a2c39e90264f33305004495a9","hash":"23a65af31c5a3106f05da9e4d1d2f498679c640b"}
,"/Users/ezransmac/Desktop/kodluyoruzAwesome/src/styles/colors.ts": {"path":"/Users/ezransmac/Desktop/kodluyoruzAwesome/src/styles/colors.ts","statementMap":{},"fnMap":{},"branchMap":{},"s":{},"f":{},"b":{},"_coverageSchema":"1a1c01bbd47fc00a2c39e90264f33305004495a9","hash":"2a0fbeac8a3846a5e6ca90237095b9de38074e0b"}
,"/Users/ezransmac/Desktop/kodluyoruzAwesome/src/styles/spacing.ts": {"path":"/Users/ezransmac/Desktop/kodluyoruzAwesome/src/styles/spacing.ts","statementMap":{},"fnMap":{},"branchMap":{},"s":{},"f":{},"b":{},"_coverageSchema":"1a1c01bbd47fc00a2c39e90264f33305004495a9","hash":"41517a376e1bd54f3bae142c4eaa4cc73549417f"}
}
