TN:
SF:src/components/Button/Button.style.ts
FNF:0
FNH:0
LF:0
LH:0
BRF:0
BRH:0
end_of_record
TN:
SF:src/components/Button/Button.tsx
FN:17,(anonymous_0)
FNF:1
FNH:1
FNDA:6,(anonymous_0)
DA:17,1
DA:23,6
LF:2
LH:2
BRDA:20,0,0,5
BRDA:29,1,0,2
BRDA:29,1,1,4
BRF:3
BRH:3
end_of_record
TN:
SF:src/components/Button/index.ts
FNF:0
FNH:0
LF:0
LH:0
BRF:0
BRH:0
end_of_record
TN:
SF:src/hooks/useFetch/index.ts
FNF:0
FNH:0
LF:0
LH:0
BRF:0
BRH:0
end_of_record
TN:
SF:src/hooks/useFetch/useFetch.ts
FN:8,useFetch
FN:12,(anonymous_1)
FN:14,(anonymous_2)
FN:21,(anonymous_3)
FNF:4
FNH:3
FNDA:8,useFetch
FNDA:0,(anonymous_1)
FNDA:2,(anonymous_2)
FNDA:2,(anonymous_3)
DA:9,8
DA:10,8
DA:12,8
DA:14,8
DA:15,2
DA:16,2
DA:17,2
DA:18,2
DA:21,8
DA:22,2
DA:25,8
LF:11
LH:11
BRF:0
BRH:0
end_of_record
TN:
SF:src/styles/colors.ts
FNF:0
FNH:0
LF:0
LH:0
BRF:0
BRH:0
end_of_record
TN:
SF:src/styles/spacing.ts
FNF:0
FNH:0
LF:0
LH:0
BRF:0
BRH:0
end_of_record
